2026-07-20T22:27:49  200
2026-07-20T22:37:04  200
2026-07-20T22:47:03  200
2026-07-21T10:26:59  200
2026-07-21T10:27:04  200
2026-07-21T10:37:04  200
2026-07-21T10:47:05  200
2026-07-21T10:57:05  200
2026-07-21T11:14:22  200
2026-07-21T11:17:06  200
2026-07-21T11:29:15  200
2026-07-21T11:37:05  200
2026-07-21T11:47:05  200
2026-07-21T11:57:04  200
2026-07-21T12:07:04  200
2026-07-21T12:17:04  200
2026-07-21T12:27:04  200
2026-07-21T12:37:05  200
2026-07-21T12:47:06  200
2026-07-21T12:57:04  200
